Running: C:\Xilinx\14.7\ISE_DS\ISE\bin\nt\unwrapped\fuse.exe -intstyle ise -incremental -lib unisims_ver -lib unimacro_ver -lib xilinxcorelib_ver -lib secureip -o Y:/Desktop/ComputerOrganization/FullAdder/FullAdder1test_isim_beh.exe -prj Y:/Desktop/ComputerOrganization/FullAdder/FullAdder1test_beh.prj work.FullAdder1test work.glbl 
ISim P.20131013 (signature 0x8ef4fb42)
Number of CPUs detected in this system: 2
Turning on mult-threading, number of parallel sub-compilation jobs: 4 
Determining compilation order of HDL files
Analyzing Verilog file "Y:/Desktop/ComputerOrganization/FullAdder/FullAdder1.v" into library work
Analyzing Verilog file "Y:/Desktop/ComputerOrganization/FullAdder/FullAdder1test.v" into library work
Analyzing Verilog file "C:/Xilinx/14.7/ISE_DS/ISE//verilog/src/glbl.v" into library work
Starting static elaboration
Completed static elaboration
Fuse Memory Usage: 136276 KB
Fuse CPU Usage: 218 ms
Compiling module FullAdder1
Compiling module FullAdder1test
Compiling module glbl
Time Resolution for simulation is 1ps.
Waiting for 1 sub-compilation(s) to finish...
Compiled 3 Verilog Units
Built simulation executable Y:/Desktop/ComputerOrganization/FullAdder/FullAdder1test_isim_beh.exe
Fuse Memory Usage: 143580 KB
Fuse CPU Usage: 312 ms
