--------------------------------------------------------------------------------
Release 14.7 Trace  (nt)
Copyright (c) 1995-2013 Xilinx, Inc.  All rights reserved.

C:\Xilinx\14.7\ISE_DS\ISE\bin\nt\unwrapped\trce.exe -intstyle ise -v 3 -s 3 -n
3 -fastpaths -xml PreFullAdder1.twx PreFullAdder1.ncd -o PreFullAdder1.twr
PreFullAdder1.pcf -ucf PreFullAdder1.ucf

Design file:              PreFullAdder1.ncd
Physical constraint file: PreFullAdder1.pcf
Device,package,speed:     xc6slx16,csg324,C,-3 (PRODUCTION 1.23 2013-10-13)
Report level:             verbose report

Environment Variable      Effect 
--------------------      ------ 
NONE                      No environment variables were set
--------------------------------------------------------------------------------

INFO:Timing:2698 - No timing constraints found, doing default enumeration.
INFO:Timing:3412 - To improve timing, see the Timing Closure User Guide (UG612).
INFO:Timing:2752 - To get complete path coverage, use the unconstrained paths 
   option. All paths that are not constrained will be reported in the 
   unconstrained paths section(s) of the report.
INFO:Timing:3339 - The clock-to-out numbers in this timing report are based on 
   a 50 Ohm transmission line loading model.  For the details of this model, 
   and for more information on accounting for different loading conditions, 
   please see the device datasheet.



Data Sheet report:
-----------------
All values displayed in nanoseconds (ns)

Pad to Pad
---------------+---------------+---------+
Source Pad     |Destination Pad|  Delay  |
---------------+---------------+---------+
A<0>           |F<0>           |    7.142|
A<0>           |F<1>           |    7.815|
A<0>           |F<2>           |    8.024|
A<0>           |F<3>           |    8.887|
A<0>           |cout           |    8.205|
A<1>           |F<1>           |    7.730|
A<1>           |F<2>           |    7.939|
A<1>           |F<3>           |    8.802|
A<1>           |cout           |    8.120|
A<2>           |F<2>           |    7.593|
A<2>           |F<3>           |    7.779|
A<2>           |cout           |    7.097|
A<3>           |F<3>           |    8.053|
A<3>           |cout           |    7.371|
B<0>           |F<0>           |    7.512|
B<0>           |F<1>           |    8.205|
B<0>           |F<2>           |    8.414|
B<0>           |F<3>           |    9.277|
B<0>           |cout           |    8.595|
B<1>           |F<1>           |    7.588|
B<1>           |F<2>           |    7.797|
B<1>           |F<3>           |    8.660|
B<1>           |cout           |    7.978|
B<2>           |F<2>           |    7.089|
B<2>           |F<3>           |    7.827|
B<2>           |cout           |    7.145|
B<3>           |F<3>           |    7.753|
B<3>           |cout           |    7.071|
cin            |F<0>           |   11.254|
cin            |F<1>           |   11.674|
cin            |F<2>           |   11.883|
cin            |F<3>           |   12.746|
cin            |cout           |   12.064|
---------------+---------------+---------+


Analysis completed Mon Mar 14 10:42:11 2016 
--------------------------------------------------------------------------------

Trace Settings:
-------------------------
Trace Settings 

Peak Memory Usage: 166 MB



