#-----------------------------------------------------------
# PlanAhead v14.7 (64-bit)
# Build 321239 by xbuild on Fri Sep 27 19:29:51 MDT 2013
# Start of session at: Mon Apr 25 10:47:45 2016
# Process ID: 5736
# Log file: C:/shiyan5_4_25/planAhead_run_1/planAhead.log
# Journal file: C:/shiyan5_4_25/planAhead_run_1/planAhead.jou
#-----------------------------------------------------------
INFO: [Common 17-78] Attempting to get a license: PlanAhead
INFO: [Common 17-290] Got license for PlanAhead
INFO: [Device 21-36] Loading parts and site information from C:/Xilinx/14.7/ISE_DS/PlanAhead/data/parts/arch.xml
Parsing RTL primitives file [C:/Xilinx/14.7/ISE_DS/PlanAhead/data/parts/xilinx/rtl/prims/rtl_prims.xml]
Finished parsing RTL primitives file [C:/Xilinx/14.7/ISE_DS/PlanAhead/data/parts/xilinx/rtl/prims/rtl_prims.xml]
start_gui
source C:/shiyan5_4_25/pa.fromHdl.tcl
# create_project -name shiyan5_4_25 -dir "C:/shiyan5_4_25/planAhead_run_1" -part xc6slx16csg324-3
# set_param project.pinAheadLayout yes
# set srcset [get_property srcset [current_run -impl]]
# set_property target_constrs_file "experiment5_storage_1_top.ucf" [current_fileset -constrset]
Adding file 'C:/shiyan5_4_25/experiment5_storage_1_top.ucf' to fileset 'constrs_1'
# add_files [list {ipcore_dir/RAM_B.ngc}]
# set hdlfile [add_files [list {ipcore_dir/RAM_B.v}]]
# set_property file_type Verilog $hdlfile
# set_property library work $hdlfile
# set hdlfile [add_files [list {shiyan5_test1.v}]]
# set_property file_type Verilog $hdlfile
# set_property library work $hdlfile
# set_property top experiment5_storage_1_top $srcset
# add_files [list {experiment5_storage_1_top.ucf}] -fileset [get_property constrset [current_run]]
# open_rtl_design -part xc6slx16csg324-3
Using Verific elaboration
Parsing VHDL file "C:/Xilinx/14.7/ISE_DS/PlanAhead/data/parts/xilinx/rtl/lib/synplify/synattr.vhd" into library synplify
Analyzing Verilog file "C:/shiyan5_4_25/ipcore_dir/RAM_B.v" into library work
Analyzing Verilog file "C:/shiyan5_4_25/shiyan5_test1.v" into library work
Release 14.7 - ngc2edif P.20131013 (nt64)
Copyright (c) 1995-2013 Xilinx, Inc.  All rights reserved.
Reading design RAM_B.ngc ...
WARNING:NetListWriters:298 - No output is written to RAM_B.xncf, ignored.
Processing design ...
   Preping design's networks ...
   Preping design's macros ...
  finished :Prep
Writing EDIF netlist file RAM_B.edif ...
ngc2edif: Total memory usage is 85508 kilobytes

Reading core file 'C:/shiyan5_4_25/ipcore_dir/RAM_B.ngc' for (cell view 'RAM_B', library 'work', file 'RAM_B.v')
Parsing EDIF File [./.Xil/PlanAhead-5736-YAOXINZHUO484A/ngc2edif/RAM_B.edif]
Finished Parsing EDIF File [./.Xil/PlanAhead-5736-YAOXINZHUO484A/ngc2edif/RAM_B.edif]
Loading clock regions from C:/Xilinx/14.7/ISE_DS/PlanAhead/data\parts/xilinx/spartan6/spartan6lx/xc6slx16/ClockRegion.xml
Loading clock buffers from C:/Xilinx/14.7/ISE_DS/PlanAhead/data\parts/xilinx/spartan6/spartan6lx/xc6slx16/ClockBuffers.xml
Loading package pin functions from C:/Xilinx/14.7/ISE_DS/PlanAhead/data\parts/xilinx/spartan6/PinFunctions.xml...
Loading package from C:/Xilinx/14.7/ISE_DS/PlanAhead/data\parts/xilinx/spartan6/spartan6lx/xc6slx16/csg324/Package.xml
Loading io standards from C:/Xilinx/14.7/ISE_DS/PlanAhead/data\./parts/xilinx/spartan6/IOStandards.xml
Loading device configuration modes from C:/Xilinx/14.7/ISE_DS/PlanAhead/data\parts/xilinx/spartan6/ConfigModes.xml
Loading list of drcs for the architecture : C:/Xilinx/14.7/ISE_DS/PlanAhead/data\./parts/xilinx/spartan6/drc.xml
Parsing UCF File [C:/shiyan5_4_25/experiment5_storage_1_top.ucf]
Finished Parsing UCF File [C:/shiyan5_4_25/experiment5_storage_1_top.ucf]
INFO: [Project 1-111] Unisim Transformation Summary:
No Unisim elements were transformed.

Phase 0 | Netlist Checksum: 54a0a2b5
open_rtl_design: Time (s): elapsed = 00:00:14 . Memory (MB): peak = 604.461 ; gain = 142.473
update_compile_order -fileset sim_1
startgroup
set_property package_pin V10 [get_ports clk_m]
endgroup
startgroup
set_property package_pin C4 [get_ports Mem_Write]
endgroup
startgroup
set_property package_pin D9 [get_ports Mem_Write]
endgroup
startgroup
set_property package_pin T5 [get_ports {Mem_Addr[7]}]
endgroup
startgroup
set_property package_pin V8 [get_ports {Mem_Addr[6]}]
endgroup
startgroup
set_property package_pin U8 [get_ports {Mem_Addr[5]}]
endgroup
startgroup
set_property package_pin N8 [get_ports {Mem_Addr[4]}]
endgroup
startgroup
set_property package_pin M8 [get_ports {Mem_Addr[3]}]
endgroup
startgroup
set_property package_pin V9 [get_ports {Mem_Addr[2]}]
endgroup
startgroup
set_property package_pin T9 [get_ports {Mem_Addr[1]}]
endgroup
startgroup
set_property package_pin T10 [get_ports {Mem_Addr[0]}]
endgroup
startgroup
set_property package_pin T11 [get_ports {LED[7]}]
endgroup
startgroup
set_property package_pin R11 [get_ports {LED[6]}]
endgroup
startgroup
set_property package_pin N11 [get_ports {LED[5]}]
endgroup
startgroup
set_property package_pin M11 [get_ports {LED[4]}]
endgroup
startgroup
set_property package_pin V15 [get_ports {LED[3]}]
endgroup
startgroup
set_property package_pin U15 [get_ports {LED[2]}]
endgroup
startgroup
set_property package_pin V16 [get_ports {LED[1]}]
endgroup
startgroup
set_property package_pin U16 [get_ports {LED[0]}]
endgroup
save_constraints
exit
ERROR: [PlanAhead 12-106] *** Exception: ui.h.b: Found deleted key in HTclEventBroker. Verify if the classes listed here call cleanup()
HTclEvent: SIGNAL_BUS_MODIFY   Classes: ui.views.aR 
HTclEvent: DEBUG_CORE_CONFIG_CHANGE   Classes: ui.views.aR 
HTclEvent: DEBUG_PORT_CONFIG_CHANGE   Classes: ui.views.aR 
HTclEvent: SIGNAL_MODIFY   Classes: ui.views.aR 
 (See C:/shiyan5_4_25\planAhead_pid5736.debug)
ERROR: [Common 17-39] 'stop_gui' failed due to earlier errors.
INFO: [Common 17-206] Exiting PlanAhead at Mon Apr 25 10:49:35 2016...
INFO: [Common 17-83] Releasing license: PlanAhead
