
****** PlanAhead v14.7 (64-bit)
  **** Build 321239 by xbuild on Fri Sep 27 19:29:51 MDT 2013
    ** Copyright 1986-1999, 2001-2013 Xilinx, Inc. All Rights Reserved.

INFO: [Common 17-78] Attempting to get a license: PlanAhead
INFO: [Common 17-290] Got license for PlanAhead
INFO: [Device 21-36] Loading parts and site information from C:/Xilinx/14.7/ISE_DS/PlanAhead/data/parts/arch.xml
Parsing RTL primitives file [C:/Xilinx/14.7/ISE_DS/PlanAhead/data/parts/xilinx/rtl/prims/rtl_prims.xml]
Finished parsing RTL primitives file [C:/Xilinx/14.7/ISE_DS/PlanAhead/data/parts/xilinx/rtl/prims/rtl_prims.xml]
start_gui
source C:/MultifunctionALU1/pa.fromHdl.tcl
# create_project -name MultifunctionALU1 -dir "C:/MultifunctionALU1/planAhead_run_2" -part xc6slx16csg324-3
# set_param project.pinAheadLayout yes
# set srcset [get_property srcset [current_run -impl]]
# set_property target_constrs_file "TopALU1test1.ucf" [current_fileset -constrset]
Adding file 'C:/MultifunctionALU1/TopALU1test1.ucf' to fileset 'constrs_1'
# set hdlfile [add_files [list {UniversalDigital1.v}]]
# set_property file_type Verilog $hdlfile
# set_property library work $hdlfile
# set hdlfile [add_files [list {top1.v}]]
# set_property file_type Verilog $hdlfile
# set_property library work $hdlfile
# set hdlfile [add_files [list {TopALU1.v}]]
# set_property file_type Verilog $hdlfile
# set_property library work $hdlfile
# set hdlfile [add_files [list {TopALU1test1.v}]]
# set_property file_type Verilog $hdlfile
# set_property library work $hdlfile
# set_property top TopALU1test1 $srcset
# add_files [list {TopALU1test1.ucf}] -fileset [get_property constrset [current_run]]
# open_rtl_design -part xc6slx16csg324-3
Using Verific elaboration
Parsing VHDL file "C:/Xilinx/14.7/ISE_DS/PlanAhead/data/parts/xilinx/rtl/lib/synplify/synattr.vhd" into library synplify
Analyzing Verilog file "C:/MultifunctionALU1/UniversalDigital1.v" into library work
Analyzing Verilog file "C:/MultifunctionALU1/top1.v" into library work
Analyzing Verilog file "C:/MultifunctionALU1/TopALU1.v" into library work
Analyzing Verilog file "C:/MultifunctionALU1/TopALU1test1.v" into library work
Loading clock regions from C:/Xilinx/14.7/ISE_DS/PlanAhead/data\parts/xilinx/spartan6/spartan6lx/xc6slx16/ClockRegion.xml
Loading clock buffers from C:/Xilinx/14.7/ISE_DS/PlanAhead/data\parts/xilinx/spartan6/spartan6lx/xc6slx16/ClockBuffers.xml
Loading package pin functions from C:/Xilinx/14.7/ISE_DS/PlanAhead/data\parts/xilinx/spartan6/PinFunctions.xml...
Loading package from C:/Xilinx/14.7/ISE_DS/PlanAhead/data\parts/xilinx/spartan6/spartan6lx/xc6slx16/csg324/Package.xml
Loading io standards from C:/Xilinx/14.7/ISE_DS/PlanAhead/data\./parts/xilinx/spartan6/IOStandards.xml
Loading device configuration modes from C:/Xilinx/14.7/ISE_DS/PlanAhead/data\parts/xilinx/spartan6/ConfigModes.xml
Loading list of drcs for the architecture : C:/Xilinx/14.7/ISE_DS/PlanAhead/data\./parts/xilinx/spartan6/drc.xml
Parsing UCF File [C:/MultifunctionALU1/TopALU1test1.ucf]
Finished Parsing UCF File [C:/MultifunctionALU1/TopALU1test1.ucf]
INFO: [Project 1-111] Unisim Transformation Summary:
No Unisim elements were transformed.

Phase 0 | Netlist Checksum: 73e0e6bd
open_rtl_design: Time (s): elapsed = 00:00:14 . Memory (MB): peak = 674.031 ; gain = 226.797
update_compile_order -fileset sim_1
set_property package_pin "" [get_ports [list  CLK]]
startgroup
set_property package_pin P17 [get_ports {AN[3]}]
endgroup
startgroup
set_property package_pin P18 [get_ports {AN[2]}]
endgroup
startgroup
set_property package_pin N15 [get_ports {AN[1]}]
endgroup
startgroup
set_property package_pin N16 [get_ports {AN[0]}]
endgroup
startgroup
set_property package_pin M13 [get_ports {SEG[7]}]
endgroup
startgroup
set_property package_pin L14 [get_ports {SEG[6]}]
endgroup
startgroup
set_property package_pin N14 [get_ports {SEG[5]}]
endgroup
startgroup
set_property package_pin M14 [get_ports {SEG[4]}]
endgroup
startgroup
set_property package_pin U18 [get_ports {SEG[3]}]
endgroup
startgroup
set_property package_pin U17 [get_ports {SEG[2]}]
endgroup
startgroup
set_property package_pin T18 [get_ports {SEG[1]}]
endgroup
startgroup
set_property package_pin T17 [get_ports {SEG[0]}]
endgroup
startgroup
set_property package_pin V10 [get_ports CLK]
endgroup
startgroup
set_property package_pin D9 [get_ports SEL]
endgroup
startgroup
set_property package_pin V9 [get_ports {OP[2]}]
endgroup
startgroup
set_property package_pin T9 [get_ports {OP[1]}]
endgroup
startgroup
set_property package_pin T10 [get_ports {OP[0]}]
endgroup
startgroup
set_property package_pin T11 [get_ports OF]
endgroup
startgroup
set_property package_pin V16 [get_ports ZF]
endgroup
save_constraints
exit
ERROR: [Common 17-39] 'stop_gui' failed due to earlier errors.
INFO: [Common 17-206] Exiting PlanAhead at Mon Mar 21 10:23:26 2016...
INFO: [Common 17-83] Releasing license: PlanAhead
