Release 14.7 - ngc2edif P.20131013 (nt64)
Copyright (c) 1995-2013 Xilinx, Inc.  All rights reserved.
Reading design Inst_Rom_8_1.ngc ...
WARNING:NetListWriters:298 - No output is written to Inst_Rom_8_1.xncf, ignored.
Processing design ...
   Preping design's networks ...
   Preping design's macros ...
  finished :Prep
Writing EDIF netlist file Inst_Rom_8_1.edif ...
ngc2edif: Total memory usage is 85760 kilobytes

Release 14.7 - ngc2edif P.20131013 (nt64)
Copyright (c) 1995-2013 Xilinx, Inc.  All rights reserved.
Reading design Inst_Rom_8_1.ngc ...
WARNING:NetListWriters:298 - No output is written to Inst_Rom_8_1.xncf, ignored.
Processing design ...
   Preping design's networks ...
   Preping design's macros ...
  finished :Prep
Writing EDIF netlist file Inst_Rom_8_1.edif ...
ngc2edif: Total memory usage is 84928 kilobytes

